<?xml version='1.0' encoding='utf-8'?>
<testsuite hostname="punit-XPS-L421X" name="controllers.ReportSpec" tests="4" errors="0" failures="0" skipped="0" time="10.118">
        <properties>
[...]
</properties>
        <testcase name="Report Controller should::on reports return list of reports with date filter and sort" classname="controllers.ReportSpec" time="0.730">
        
      </testcase><testcase name="Report Controller should::on reports return list of reports" classname="controllers.ReportSpec" time="1.145">
        
      </testcase><testcase name="Report Controller should::on worldsList return list of worlds" classname="controllers.ReportSpec" time="7.844">
        
      </testcase><testcase name="Report Controller should::on reports return list of reports with world filter" classname="controllers.ReportSpec" time="0.383">
        
      </testcase>
        <system-out></system-out>
        <system-err></system-err>
      </testsuite>